-------------------------------------------------------------------------------
Test set: com.example.employee.Demo1ApplicationTests
-------------------------------------------------------------------------------
Tests run: 1, Failures: 0, Errors: 1, Skipped: 0, Time elapsed: 3.221 s <<< FAILURE! - in com.example.employee.Demo1ApplicationTests
contextLoads  Time elapsed: 0.009 s  <<< ERROR!
java.lang.IllegalStateException: Failed to load ApplicationContext for [WebMergedContextConfiguration@10e8c7a2 testClass = com.example.employee.Demo1ApplicationTests, locations = [], classes = [com.example.employee.Demo1Application], contextInitializerClasses = [], activeProfiles = [], propertySourceLocations = [], propertySourceProperties = ["org.springframework.boot.test.context.SpringBootTestContextBootstrapper=true"], contextCustomizers = [org.springframework.boot.test.context.filter.ExcludeFilterContextCustomizer@418c5a9c, org.springframework.boot.test.json.DuplicateJsonObjectContextCustomizerFactory$DuplicateJsonObjectContextCustomizer@332729ad, org.springframework.boot.test.mock.mockito.MockitoContextCustomizer@0, org.springframework.boot.test.web.client.TestRestTemplateContextCustomizer@7b8b43c7, org.springframework.boot.test.autoconfigure.actuate.observability.ObservabilityContextCustomizerFactory$DisableObservabilityContextCustomizer@9da1, org.springframework.boot.test.autoconfigure.properties.PropertyMappingContextCustomizer@0, org.springframework.boot.test.autoconfigure.web.servlet.WebDriverContextCustomizerFactory$Customizer@4ddbbdf8, org.springframework.boot.test.context.SpringBootTestAnnotation@8dc993d1], resourceBasePath = "src/main/webapp", contextLoader = org.springframework.boot.test.context.SpringBootContextLoader, parent = null]
Caused by: org.springframework.beans.factory.UnsatisfiedDependencyException: Error creating bean with name 'index': Unsatisfied dependency expressed through field 'EmployeeService': Error creating bean with name 'employeeService': Unsatisfied dependency expressed through field 'EmployeeRepository': Error creating bean with name 'employeeRepository' defined in com.example.employee.repo.EmployeeRepository defined in @EnableJpaRepositories declared on Demo1Application: Not a managed type: class com.example.employee.model.Employee
Caused by: org.springframework.beans.factory.UnsatisfiedDependencyException: Error creating bean with name 'employeeService': Unsatisfied dependency expressed through field 'EmployeeRepository': Error creating bean with name 'employeeRepository' defined in com.example.employee.repo.EmployeeRepository defined in @EnableJpaRepositories declared on Demo1Application: Not a managed type: class com.example.employee.model.Employee
Caused by: org.springframework.beans.factory.BeanCreationException: Error creating bean with name 'employeeRepository' defined in com.example.employee.repo.EmployeeRepository defined in @EnableJpaRepositories declared on Demo1Application: Not a managed type: class com.example.employee.model.Employee
Caused by: java.lang.IllegalArgumentException: Not a managed type: class com.example.employee.model.Employee

